2023-12-18 19:07:21 : --------------------特征自动筛选日志--------------------
2023-12-18 19:07:21 : ----------进行过滤式操作, 操作类型classification----------
2023-12-18 19:07:21 : 过滤与标签无关的数值特征: ['feature_194', 'feature_210', 'feature_270', 'feature_267', 'feature_204', 'feature_281', 'feature_193', 'feature_213', 'feature_191', 'feature_230', 'feature_250', 'feature_297', 'feature_299', 'feature_90', 'feature_188', 'feature_343', 'feature_352']
2023-12-18 19:07:21 : 过滤自相关的数值特征: ['feature_26']
2023-12-18 19:07:21 : 过滤与标签无关的分类特征: []
2023-12-18 19:07:21 : 剩余数值特征: ['feature_23', 'feature_25', 'feature_22', 'feature_8', 'feature_18', 'feature_3', 'feature_7', 'feature_12', 'feature_11', 'feature_6', 'feature_24', 'feature_5', 'feature_15']
2023-12-18 19:07:21 : 剩余分类特征: ['feature_347', 'feature_298', 'feature_294']
2023-12-18 19:07:21 : ----------进行嵌套式过滤----------
2023-12-18 19:07:24 : 模型logit权值: 0.9109694949858883, 特征评分向量：[ 1.  1. nan  1.  1.  1.  1. nan  1.  1. nan  1.  1.  1.  1.  1.]
2023-12-18 19:07:24 : 模型cart权值: 0.8829152404972077, 特征评分向量：[0.04685731 0.02090091 0.00235551 0.02663945 0.00797419 0.3752827
 0.01130339 0.03456053 0.03633483 0.02825126 0.01446947 0.18284611
 0.17305726 0.00093415 0.00689376 0.03133917]
2023-12-18 19:08:00 : --------------------特征自动筛选日志--------------------
2023-12-18 19:08:00 : ----------进行过滤式操作, 操作类型classification----------
2023-12-18 19:08:00 : 过滤与标签无关的数值特征: ['feature_194', 'feature_210', 'feature_270', 'feature_267', 'feature_204', 'feature_281', 'feature_193', 'feature_213', 'feature_191', 'feature_230', 'feature_250', 'feature_297', 'feature_299', 'feature_90', 'feature_188', 'feature_343', 'feature_352']
2023-12-18 19:08:00 : 过滤自相关的数值特征: ['feature_26']
2023-12-18 19:08:00 : 过滤与标签无关的分类特征: []
2023-12-18 19:08:00 : 剩余数值特征: ['feature_23', 'feature_25', 'feature_22', 'feature_8', 'feature_18', 'feature_3', 'feature_7', 'feature_12', 'feature_11', 'feature_6', 'feature_24', 'feature_5', 'feature_15']
2023-12-18 19:08:00 : 剩余分类特征: ['feature_347', 'feature_298', 'feature_294']
2023-12-18 19:08:00 : ----------进行嵌套式过滤----------
2023-12-18 19:14:21 : --------------------特征自动筛选日志--------------------
2023-12-18 19:14:21 : ----------进行过滤式操作, 操作类型classification----------
2023-12-18 19:14:21 : 过滤与标签无关的数值特征: ['feature_194', 'feature_210', 'feature_270', 'feature_267', 'feature_204', 'feature_281', 'feature_193', 'feature_213', 'feature_191', 'feature_230', 'feature_250', 'feature_297', 'feature_299', 'feature_90', 'feature_188', 'feature_343', 'feature_352']
2023-12-18 19:14:21 : 过滤自相关的数值特征: ['feature_26']
2023-12-18 19:14:21 : 过滤与标签无关的分类特征: []
2023-12-18 19:14:21 : 剩余数值特征: ['feature_23', 'feature_25', 'feature_22', 'feature_8', 'feature_18', 'feature_3', 'feature_7', 'feature_12', 'feature_11', 'feature_6', 'feature_24', 'feature_5', 'feature_15']
2023-12-18 19:14:21 : 剩余分类特征: ['feature_347', 'feature_298', 'feature_294']
2023-12-18 19:14:21 : ----------进行嵌套式过滤----------
2023-12-18 19:14:24 : 模型logit权值: 0.9109694949858883, 特征评分向量：[0.0829895  0.10661313 0.00382728 0.0341821  0.05232424 0.17224504
 0.00680185 0.00822112 0.05731539 0.08113534 0.00214472 0.07817171
 0.20416677 0.0313378  0.02913701 0.04938701]
2023-12-18 19:14:24 : 模型cart权值: 0.88634555335375, 特征评分向量：[0.04684438 0.02161264 0.00415746 0.02606621 0.00636647 0.37497687
 0.01214809 0.03425999 0.03397768 0.02646512 0.01827107 0.18175092
 0.1760289  0.         0.00575551 0.03131869]
2023-12-18 19:14:37 : 模型xgb权值: 0.9109619888308413, 特征评分向量：[0.0683779  0.06662528 0.0147688  0.01950039 0.12466259 0.31866627
 0.01487752 0.02622932 0.03480129 0.02479965 0.01775058 0.10193337
 0.06751499 0.01573567 0.01831176 0.06544462]
2023-12-18 19:14:42 : 模型lgb权值: 0.9027577613643187, 特征评分向量：[5.31039344e-02 4.41915483e-02 3.97257542e-03 2.05875787e-02
 6.28725887e-03 3.47932208e-01 9.14590849e-03 1.12444402e-02
 3.47533566e-02 1.94112434e-02 1.04971829e-02 2.01838006e-01
 2.02303846e-01 2.04137856e-04 1.26686238e-03 3.32599115e-02]
2023-12-18 19:15:39 : 模型cab权值: 0.9157546688284394, 特征评分向量：[0.06765834 0.07122261 0.00338982 0.05589743 0.07065567 0.1387619
 0.01481521 0.02266533 0.08005917 0.06056992 0.01524227 0.1173553
 0.22673594 0.00288893 0.01552884 0.03655333]
2023-12-18 19:15:39 : 最终特征评分结果{'feature_3': 0.2696684434131806, 'feature_15': 0.1753520020428469, 'feature_5': 0.13582321054607677, 'feature_23': 0.06391048462556492, 'feature_25': 0.06231510859646018, 'feature_18': 0.05241036682993966, 'feature_11': 0.04831671755796814, 'feature_294': 0.043268267412704245, 'feature_6': 0.04262434418702059, 'feature_8': 0.031320335892501584, 'feature_12': 0.020468407969237136, 'feature_298': 0.014069550614856532, 'feature_24': 0.012758037088086437, 'feature_7': 0.011562315865155262, 'feature_347': 0.01009815139629927, 'feature_22': 0.006034258296034959}
2023-12-18 19:15:39 : 评估模型指标排序：[('cab', 0.9157546688284394), ('logit', 0.9109694949858883), ('xgb', 0.9109619888308413), ('lgb', 0.9027577613643187), ('cart', 0.88634555335375)]
2023-12-18 19:15:39 : ----------进行包裹式过滤, 基模型lgb----------
2023-12-18 19:16:15 : 增加第1个特征: feature_18, 评价指标数值0.8145191557076803
2023-12-18 19:16:52 : 增加第2个特征: feature_3, 评价指标数值0.8726355611601513
2023-12-18 19:17:32 : 增加第3个特征: feature_15, 评价指标数值0.8829189935747312
2023-12-18 19:18:13 : 增加第4个特征: feature_5, 评价指标数值0.8965464180628115
2023-12-18 19:18:53 : 增加第5个特征: feature_8, 评价指标数值0.9068411097099622
2023-12-18 19:19:31 : 增加第6个特征: feature_294, 评价指标数值0.9075354290518225
2023-12-18 19:20:07 : 增加第7个特征: feature_25, 评价指标数值0.9116262835525131
2023-12-18 19:20:39 : 增加第8个特征: feature_347, 评价指标数值0.9088902900378311
2023-12-18 19:21:11 : 增加第9个特征: feature_23, 评价指标数值0.9095921155347384
2023-12-18 19:21:38 : 增加第10个特征: feature_22, 评价指标数值0.9109582357533177
2023-12-18 19:22:01 : 增加第11个特征: feature_7, 评价指标数值0.9089090554254489
2023-12-18 19:22:22 : 增加第12个特征: feature_298, 评价指标数值0.9089128085029725
2023-12-18 19:22:38 : 增加第13个特征: feature_6, 评价指标数值0.907539182129346
2023-12-18 19:22:51 : 增加第14个特征: feature_24, 评价指标数值0.9075504413619168
2023-12-18 19:22:59 : 增加第15个特征: feature_12, 评价指标数值0.9082259953161591
2023-12-18 19:23:04 : 增加第16个特征: feature_11, 评价指标数值0.9054937548790007
2023-12-18 19:23:04 : 最终评价结果: 0.9116262835525131, 特征组合['feature_18', 'feature_3', 'feature_15', 'feature_5', 'feature_8', 'feature_294', 'feature_25']
2023-12-18 20:03:22 : --------------------特征自动筛选日志--------------------
2023-12-18 20:03:22 : ----------进行过滤式操作, 操作类型regression----------
2023-12-18 20:03:22 : 过滤与标签无关的数值特征: []
2023-12-18 20:03:22 : 过滤自相关特征: ['feature_26', 'feature_193', 'feature_23', 'feature_352']
2023-12-18 20:03:22 : 过滤与标签无关的分类特征: []
2023-12-18 20:03:22 : 剩余数值特征: ['feature_3', 'feature_15', 'feature_25', 'feature_11', 'feature_12', 'feature_194', 'feature_18', 'feature_210', 'feature_22', 'feature_5', 'feature_270', 'feature_6', 'feature_267', 'feature_204', 'feature_7', 'feature_281', 'feature_24', 'feature_213', 'feature_191', 'feature_230', 'feature_250', 'feature_297', 'feature_299', 'feature_90', 'feature_8', 'feature_188', 'feature_343']
2023-12-18 20:03:22 : 剩余分类特征: ['feature_347', 'feature_298', 'feature_294']
2023-12-18 20:03:22 : ----------进行嵌套式过滤----------
2023-12-18 20:03:23 : 模型lasso权值: 0.8052129331971982, 特征评分向量：[0.1211452  0.15591906 0.0784309  0.02307104 0.01677917 0.01853017
 0.00882267 0.04838643 0.00484152 0.03957431 0.02173704 0.02396089
 0.04375735 0.00717976 0.04401635 0.02761083 0.02597525 0.00658919
 0.01543231 0.02080081 0.01670264 0.01685085 0.03286714 0.02033305
 0.04675401 0.04063552 0.01620312 0.01655156 0.02438338 0.0161585 ]
2023-12-18 20:03:23 : 模型cart权值: 0.7502497731426794, 特征评分向量：[6.59360187e-01 1.39071366e-01 1.89498543e-02 4.31702673e-02
 2.63749226e-02 1.14508334e-03 1.86931762e-04 9.99293678e-04
 6.44832501e-03 1.34107569e-02 7.16481803e-04 2.23026572e-02
 1.98209604e-03 3.61976734e-04 8.77571712e-03 7.33986485e-04
 7.43450317e-03 4.30365226e-05 5.43330391e-04 1.35727723e-04
 6.64679618e-04 1.16262470e-03 4.07193651e-04 1.70701364e-04
 3.69297155e-02 1.68304435e-04 1.79396658e-03 6.19433001e-04
 5.99672478e-04 5.33720761e-03]
2023-12-18 20:03:47 : 模型xgb权值: 0.8728226232279415, 特征评分向量：[0.41255187 0.04117092 0.08258136 0.02473003 0.0232309  0.02826376
 0.04402477 0.07015742 0.01916322 0.01349003 0.03626441 0.01833573
 0.02013614 0.00335063 0.00806602 0.02457986 0.00472609 0.00445534
 0.01835362 0.0123801  0.00406444 0.00391859 0.01657962 0.00144921
 0.0216636  0.00516486 0.00769274 0.00342654 0.00310482 0.02292332]
2023-12-18 20:03:51 : 模型lgb权值: 0.8625548107632448, 特征评分向量：[5.75627116e-01 1.35455783e-01 6.40964502e-02 4.94318834e-02
 2.64387528e-02 5.30154241e-03 1.09922331e-02 1.05327785e-02
 8.67022790e-03 1.51813784e-02 4.57971719e-03 1.66669055e-02
 4.20278561e-03 1.23432613e-04 4.65361411e-03 9.80761458e-03
 4.00309582e-03 1.43474745e-04 9.02557486e-04 1.48143449e-03
 5.80558197e-04 4.05998219e-04 9.59762249e-04 3.81261664e-04
 4.35275797e-02 8.78721106e-05 1.55396866e-03 1.22523713e-03
 2.50613291e-04 2.73437099e-03]
2023-12-18 20:05:08 : 模型cab权值: 0.8743742075716503, 特征评分向量：[0.21683231 0.21347758 0.07277115 0.07005695 0.0596106  0.0105832
 0.03540004 0.01386324 0.03325057 0.03213802 0.00545822 0.03258577
 0.01048582 0.00478904 0.01050006 0.02670947 0.02927735 0.00248661
 0.00135928 0.0040621  0.0036947  0.00276686 0.00073235 0.00091602
 0.07606388 0.00092128 0.0108169  0.00319021 0.0062876  0.00891281]
2023-12-18 20:05:08 : 最终特征评分结果{'feature_3': 0.3933578217132868, 'feature_15': 0.13668409301044845, 'feature_25': 0.06443017871773898, 'feature_8': 0.0452113925649764, 'feature_11': 0.0423613751104982, 'feature_12': 0.03085120622085006, 'feature_210': 0.029326902181768356, 'feature_6': 0.02278353184671644, 'feature_5': 0.022783221462955017, 'feature_18': 0.020672279634245793, 'feature_281': 0.01825855823604881, 'feature_267': 0.01610721231555058, 'feature_7': 0.014948016980580126, 'feature_22': 0.014888642556090723, 'feature_24': 0.014325944497284655, 'feature_270': 0.014024649743604015, 'feature_194': 0.013030693072563633, 'feature_294': 0.011325931776949766, 'feature_299': 0.010253926627770213, 'feature_188': 0.009179805803137027, 'feature_230': 0.007799397024917098, 'feature_343': 0.007660033319586203, 'feature_191': 0.007399478644788114, 'feature_298': 0.006844198284384319, 'feature_250': 0.005096185900938566, 'feature_297': 0.004953041562821888, 'feature_347': 0.004952756281583435, 'feature_90': 0.004536431568502816, 'feature_204': 0.003186199318055036, 'feature_213': 0.0027668892919906546}
2023-12-18 20:05:08 : 评估模型指标排序：[('cab', 0.8743742075716503), ('xgb', 0.8728226232279415), ('lgb', 0.8625548107632448), ('lasso', 0.8052129331971982), ('cart', 0.7502497731426794)]
2023-12-18 20:05:08 : ----------进行包裹式过滤, 基模型lgb----------
2023-12-18 20:06:02 : 增加第1个特征: feature_3, 评价指标数值0.6736473454914742
2023-12-18 20:07:12 : 增加第2个特征: feature_15, 评价指标数值0.7665804837592007
2023-12-18 20:08:39 : 增加第3个特征: feature_8, 评价指标数值0.8121307048262209
2023-12-18 20:09:58 : 增加第4个特征: feature_5, 评价指标数值0.8383585659974385
2023-12-18 20:11:19 : 增加第5个特征: feature_25, 评价指标数值0.8486005059778517
2023-12-18 20:12:34 : 增加第6个特征: feature_12, 评价指标数值0.8548915057510784
2023-12-18 20:13:49 : 增加第7个特征: feature_270, 评价指标数值0.8584646383675726
2023-12-18 20:15:00 : 增加第8个特征: feature_297, 评价指标数值0.8600308507555154
2023-12-18 20:16:12 : 增加第9个特征: feature_6, 评价指标数值0.8596098419397163
2023-12-18 20:17:26 : 增加第10个特征: feature_343, 评价指标数值0.8619573186771927
2023-12-18 20:18:37 : 增加第11个特征: feature_298, 评价指标数值0.8628979378751084
2023-12-18 20:19:49 : 增加第12个特征: feature_281, 评价指标数值0.8622653853710124
2023-12-18 20:21:05 : 增加第13个特征: feature_250, 评价指标数值0.8639844586909352
2023-12-18 20:22:15 : 增加第14个特征: feature_294, 评价指标数值0.8648083075052488
2023-12-18 20:23:18 : 增加第15个特征: feature_18, 评价指标数值0.8646462290296025
2023-12-18 20:24:17 : 增加第16个特征: feature_90, 评价指标数值0.8644028685284689
2023-12-18 20:25:11 : 增加第17个特征: feature_213, 评价指标数值0.8652032330403039
2023-12-18 20:26:03 : 增加第18个特征: feature_299, 评价指标数值0.8646879602325598
2023-12-18 20:26:53 : 增加第19个特征: feature_347, 评价指标数值0.8648787089095136
2023-12-18 20:27:38 : 增加第20个特征: feature_194, 评价指标数值0.8653335914612994
2023-12-18 20:28:19 : 增加第21个特征: feature_230, 评价指标数值0.8652749801635978
2023-12-18 20:28:55 : 增加第22个特征: feature_188, 评价指标数值0.8652952549590816
2023-12-18 20:29:27 : 增加第23个特征: feature_204, 评价指标数值0.8640012975033458
2023-12-18 20:29:55 : 增加第24个特征: feature_24, 评价指标数值0.8633930191265562
2023-12-18 20:30:20 : 增加第25个特征: feature_191, 评价指标数值0.8614910670766092
2023-12-18 20:30:42 : 增加第26个特征: feature_22, 评价指标数值0.8621455915346069
2023-12-18 20:30:58 : 增加第27个特征: feature_210, 评价指标数值0.861982853091015
2023-12-18 20:31:11 : 增加第28个特征: feature_11, 评价指标数值0.8621324897378693
2023-12-18 20:31:20 : 增加第29个特征: feature_267, 评价指标数值0.862120192131385
2023-12-18 20:31:25 : 增加第30个特征: feature_7, 评价指标数值0.8613892532712927
2023-12-18 20:31:25 : 最终评价结果: 0.8653335914612994, 特征组合['feature_3', 'feature_15', 'feature_8', 'feature_5', 'feature_25', 'feature_12', 'feature_270', 'feature_297', 'feature_6', 'feature_343', 'feature_298', 'feature_281', 'feature_250', 'feature_294', 'feature_18', 'feature_90', 'feature_213', 'feature_299', 'feature_347', 'feature_194']
2023-12-18 21:04:54 : --------------------特征自动筛选日志--------------------
2023-12-18 21:04:54 : ----------进行过滤式操作, 操作类型regression----------
2023-12-18 21:04:54 : 过滤与标签无关的数值特征: []
2023-12-18 21:04:54 : 过滤自相关特征: ['feature_26', 'feature_193', 'feature_23', 'feature_352']
2023-12-18 21:04:54 : 过滤与标签无关的分类特征: []
2023-12-18 21:04:54 : 剩余数值特征: ['feature_3', 'feature_15', 'feature_25', 'feature_11', 'feature_12', 'feature_194', 'feature_18', 'feature_210', 'feature_22', 'feature_5', 'feature_270', 'feature_6', 'feature_267', 'feature_204', 'feature_7', 'feature_281', 'feature_24', 'feature_213', 'feature_191', 'feature_230', 'feature_250', 'feature_297', 'feature_299', 'feature_90', 'feature_8', 'feature_188', 'feature_343']
2023-12-18 21:04:54 : 剩余分类特征: ['feature_347', 'feature_298', 'feature_294']
2023-12-18 21:04:54 : ----------进行嵌套式过滤----------
2023-12-18 21:04:55 : 模型lasso权值: 0.8052129331971982, 特征评分向量：[0.1211452  0.15591906 0.0784309  0.02307104 0.01677917 0.01853017
 0.00882267 0.04838643 0.00484152 0.03957431 0.02173704 0.02396089
 0.04375735 0.00717976 0.04401635 0.02761083 0.02597525 0.00658919
 0.01543231 0.02080081 0.01670264 0.01685085 0.03286714 0.02033305
 0.04675401 0.04063552 0.01620312 0.01655156 0.02438338 0.0161585 ]
2023-12-18 21:04:56 : 模型cart权值: 0.7739877591240735, 特征评分向量：[6.59368299e-01 1.35607095e-01 1.77347157e-02 4.54288824e-02
 2.71845782e-02 9.91196464e-04 1.12028384e-04 9.81009528e-04
 9.17293233e-03 1.02899208e-02 7.12234960e-04 2.29931549e-02
 1.86019296e-03 3.32401806e-04 8.97912824e-03 6.52443524e-04
 7.55609310e-03 1.38072177e-03 1.04783244e-03 1.60904379e-04
 4.12838045e-04 1.04339449e-03 2.60815384e-04 1.57519666e-04
 3.71369636e-02 2.87997418e-04 2.09205391e-03 3.25654512e-04
 6.06710747e-04 5.13028646e-03]
2023-12-18 21:05:23 : 模型xgb权值: 0.8728226232279415, 特征评分向量：[0.41255187 0.04117092 0.08258136 0.02473003 0.0232309  0.02826376
 0.04402477 0.07015742 0.01916322 0.01349003 0.03626441 0.01833573
 0.02013614 0.00335063 0.00806602 0.02457986 0.00472609 0.00445534
 0.01835362 0.0123801  0.00406444 0.00391859 0.01657962 0.00144921
 0.0216636  0.00516486 0.00769274 0.00342654 0.00310482 0.02292332]
2023-12-18 21:05:28 : 模型lgb权值: 0.8625548107632448, 特征评分向量：[5.75627116e-01 1.35455783e-01 6.40964502e-02 4.94318834e-02
 2.64387528e-02 5.30154241e-03 1.09922331e-02 1.05327785e-02
 8.67022790e-03 1.51813784e-02 4.57971719e-03 1.66669055e-02
 4.20278561e-03 1.23432613e-04 4.65361411e-03 9.80761458e-03
 4.00309582e-03 1.43474745e-04 9.02557486e-04 1.48143449e-03
 5.80558197e-04 4.05998219e-04 9.59762249e-04 3.81261664e-04
 4.35275797e-02 8.78721106e-05 1.55396866e-03 1.22523713e-03
 2.50613291e-04 2.73437099e-03]
2023-12-18 21:06:55 : 模型cab权值: 0.8743742075716503, 特征评分向量：[0.21683231 0.21347758 0.07277115 0.07005695 0.0596106  0.0105832
 0.03540004 0.01386324 0.03325057 0.03213802 0.00545822 0.03258577
 0.01048582 0.00478904 0.01050006 0.02670947 0.02927735 0.00248661
 0.00135928 0.0040621  0.0036947  0.00276686 0.00073235 0.00091602
 0.07606388 0.00092128 0.0108169  0.00319021 0.0062876  0.00891281]
2023-12-18 21:06:55 : 最终特征评分结果{'feature_3': 0.3948667047179534, 'feature_15': 0.13605753199024065, 'feature_25': 0.06394793075910712, 'feature_8': 0.04520275489178848, 'feature_11': 0.042783280569292134, 'feature_12': 0.030975439074604372, 'feature_210': 0.029162996740339172, 'feature_6': 0.022908389258642248, 'feature_5': 0.022153476322756244, 'feature_18': 0.020542353305528116, 'feature_281': 0.018144183267388134, 'feature_267': 0.016004644115240194, 'feature_22': 0.015344235368358085, 'feature_7': 0.014950623779236342, 'feature_24': 0.014309358054841312, 'feature_270': 0.013948450235245378, 'feature_194': 0.012934906115457188, 'feature_294': 0.01125376225513385, 'feature_299': 0.010171080949715378, 'feature_188': 0.009150854891337162, 'feature_230': 0.007760620348067432, 'feature_343': 0.0076818686909898804, 'feature_191': 0.007453842419032334, 'feature_298': 0.006810112212077755, 'feature_250': 0.005024540939361574, 'feature_297': 0.004909531976043266, 'feature_347': 0.004873919069968573, 'feature_90': 0.004509256249581507, 'feature_204': 0.0031647304682340845, 'feature_213': 0.002998616261871223}
2023-12-18 21:06:55 : 评估模型指标排序：[('cab', 0.8743742075716503), ('xgb', 0.8728226232279415), ('lgb', 0.8625548107632448), ('lasso', 0.8052129331971982), ('cart', 0.7739877591240735)]
2023-12-18 21:06:55 : ----------进行包裹式过滤, 基模型cart----------
2023-12-18 21:06:58 : 增加第1个特征: feature_3, 评价指标数值0.6808349491068004
2023-12-18 21:07:01 : 增加第2个特征: feature_15, 评价指标数值0.7500440616153083
2023-12-18 21:07:06 : 增加第3个特征: feature_8, 评价指标数值0.7814016921733686
2023-12-18 21:07:11 : 增加第4个特征: feature_270, 评价指标数值0.7879301536233564
2023-12-18 21:07:17 : 增加第5个特征: feature_343, 评价指标数值0.7895088573130222
2023-12-18 21:07:23 : 增加第6个特征: feature_188, 评价指标数值0.7985558896266689
2023-12-18 21:07:28 : 增加第7个特征: feature_25, 评价指标数值0.8035582158911992
2023-12-18 21:07:34 : 增加第8个特征: feature_90, 评价指标数值0.8027896425954939
2023-12-18 21:07:40 : 增加第9个特征: feature_294, 评价指标数值0.8039690430985895
2023-12-18 21:07:45 : 增加第10个特征: feature_267, 评价指标数值0.8036093255623916
2023-12-18 21:07:49 : 增加第11个特征: feature_204, 评价指标数值0.8007924372968431
2023-12-18 21:07:53 : 增加第12个特征: feature_22, 评价指标数值0.7983799561334586
2023-12-18 21:07:57 : 增加第13个特征: feature_191, 评价指标数值0.7980683009986809
2023-12-18 21:08:02 : 增加第14个特征: feature_213, 评价指标数值0.7977909056793164
2023-12-18 21:08:07 : 增加第15个特征: feature_299, 评价指标数值0.7989452391597172
2023-12-18 21:08:10 : 增加第16个特征: feature_24, 评价指标数值0.7932227831954974
2023-12-18 21:08:14 : 增加第17个特征: feature_281, 评价指标数值0.7908585340625426
2023-12-18 21:08:18 : 增加第18个特征: feature_6, 评价指标数值0.7982714008643654
2023-12-18 21:08:23 : 增加第19个特征: feature_5, 评价指标数值0.8047152483611503
2023-12-18 21:08:27 : 增加第20个特征: feature_297, 评价指标数值0.8015936429893897
2023-12-18 21:08:30 : 增加第21个特征: feature_18, 评价指标数值0.8078681470889854
2023-12-18 21:08:34 : 增加第22个特征: feature_347, 评价指标数值0.8066135931910143
2023-12-18 21:08:38 : 增加第23个特征: feature_210, 评价指标数值0.8067630253004592
2023-12-18 21:08:40 : 增加第24个特征: feature_230, 评价指标数值0.8010430006829636
2023-12-18 21:08:42 : 增加第25个特征: feature_250, 评价指标数值0.800691698333577
2023-12-18 21:08:44 : 增加第26个特征: feature_298, 评价指标数值0.7987189528726049
2023-12-18 21:08:46 : 增加第27个特征: feature_194, 评价指标数值0.7907600764951499
2023-12-18 21:08:47 : 增加第28个特征: feature_12, 评价指标数值0.7898235089063004
2023-12-18 21:08:48 : 增加第29个特征: feature_11, 评价指标数值0.7832658374804378
2023-12-18 21:08:48 : 增加第30个特征: feature_7, 评价指标数值0.7792410381205224
2023-12-18 21:08:48 : 最终评价结果: 0.8078681470889854, 特征组合['feature_3', 'feature_15', 'feature_8', 'feature_270', 'feature_343', 'feature_188', 'feature_25', 'feature_90', 'feature_294', 'feature_267', 'feature_204', 'feature_22', 'feature_191', 'feature_213', 'feature_299', 'feature_24', 'feature_281', 'feature_6', 'feature_5', 'feature_297', 'feature_18']
